<?xml version="1.0" encoding="UTF-8"?>
<!-- Generated by org.testng.reporters.JUnitXMLReporter -->
<testsuite hostname="DESKTOP-BJ6MB3B" ignored="0" name="Test" tests="1" failures="1" timestamp="03 Jul 2019 15:45:21 GMT" time="9.652" errors="0">
  <testcase name="basicTest" time="0.012" classname="com.demo.test.SampleTest">
    <failure type="java.lang.AssertionError" message="expected [true] but found [false]">
      <![CDATA[java.lang.AssertionError: expected [true] but found [false]
	at com.demo.test.SampleTest.basicTest(SampleTest.java:24)
... Removed 29 stack frames]]>
    </failure>
  </testcase> <!-- basicTest -->
</testsuite> <!-- Test -->
