<?xml version="1.0" encoding="UTF-8"?>
<!-- Generated by org.testng.reporters.JUnitXMLReporter -->
<testsuite ignored="0" hostname="ATHADAPF1HAGFU" failures="1" tests="1" name="Test" time="6.069" errors="0" timestamp="11 Jul 2019 11:04:47 GMT">
  <testcase classname="com.demo.test.SampleTest" name="basicTest" time="0.008">
    <failure type="java.lang.AssertionError" message="expected [true] but found [false]">
      <![CDATA[java.lang.AssertionError: expected [true] but found [false]
	at com.demo.test.SampleTest.basicTest(SampleTest.java:26)
... Removed 29 stack frames]]>
    </failure>
  </testcase> <!-- basicTest -->
</testsuite> <!-- Test -->
